<?xml version="1.0" encoding="UTF-8"?>
<testng-results skipped="0" failed="0" total="1" passed="1">
  <reporter-output>
  </reporter-output>
  <suite name="DriverFactory.AppTest" duration-ms="15853" started-at="2020-02-04T03:11:09Z" finished-at="2020-02-04T03:11:25Z">
    <groups>
    </groups>
    <test name="Command line test" duration-ms="15853" started-at="2020-02-04T03:11:09Z" finished-at="2020-02-04T03:11:25Z">
      <class name="DriverFactory.AppTest">
        <test-method status="PASS" signature="f()[pri:0, instance:DriverFactory.AppTest@2cb4c3ab]" name="f" duration-ms="15837" started-at="2020-02-04T08:41:09Z" finished-at="2020-02-04T08:41:25Z">
          <reporter-output>
          </reporter-output>
        </test-method> <!-- f -->
      </class> <!-- DriverFactory.AppTest -->
    </test> <!-- Command line test -->
  </suite> <!-- DriverFactory.AppTest -->
</testng-results>
