<?xml version="1.0" encoding="UTF-8"?>
<testng-results skipped="0" failed="0" total="1" passed="1">
  <reporter-output>
  </reporter-output>
  <suite name="Default suite" duration-ms="16049" started-at="2020-01-31T03:29:38Z" finished-at="2020-01-31T03:29:54Z">
    <groups>
    </groups>
    <test name="Default test" duration-ms="16049" started-at="2020-01-31T03:29:38Z" finished-at="2020-01-31T03:29:54Z">
      <class name="DriverFactory.AppTest">
        <test-method status="PASS" signature="f()[pri:0, instance:DriverFactory.AppTest@6500df86]" name="f" duration-ms="16018" started-at="2020-01-31T08:59:38Z" finished-at="2020-01-31T08:59:54Z">
          <reporter-output>
          </reporter-output>
        </test-method> <!-- f -->
      </class> <!-- DriverFactory.AppTest -->
    </test> <!-- Default test -->
  </suite> <!-- Default suite -->
</testng-results>
